ERROR - 2022-12-01 10:39:03 --> Error connecting to the database: mysqli_sql_exception: Access denied for user 'root'@'localhost' (using password: YES) in C:\Users\70980640253\Documents\GitHub\phpcodeigniter\jardel\system\Database\MySQLi\Connection.php:171
Stack trace:
#0 C:\Users\70980640253\Documents\GitHub\phpcodeigniter\jardel\system\Database\MySQLi\Connection.php(171): mysqli->real_connect('localhost', 'root', 'root', 'jardel', 3306, '', 0)
#1 C:\Users\70980640253\Documents\GitHub\phpcodeigniter\jardel\system\Database\BaseConnection.php(382): CodeIgniter\Database\MySQLi\Connection->connect(false)
#2 C:\Users\70980640253\Documents\GitHub\phpcodeigniter\jardel\system\Database\BaseConnection.php(561): CodeIgniter\Database\BaseConnection->initialize()
#3 C:\Users\70980640253\Documents\GitHub\phpcodeigniter\jardel\system\Database\BaseBuilder.php(1585): CodeIgniter\Database\BaseConnection->query('SELECT *\nFROM `...', Array, false)
#4 C:\Users\70980640253\Documents\GitHub\phpcodeigniter\jardel\system\Model.php(223): CodeIgniter\Database\BaseBuilder->get()
#5 C:\Users\70980640253\Documents\GitHub\phpcodeigniter\jardel\system\BaseModel.php(585): CodeIgniter\Model->doFindAll(0, 0)
#6 C:\Users\70980640253\Documents\GitHub\phpcodeigniter\jardel\app\Controllers\PessoaController.php(12): CodeIgniter\BaseModel->findAll()
#7 C:\Users\70980640253\Documents\GitHub\phpcodeigniter\jardel\system\CodeIgniter.php(927): App\Controllers\PessoaController->index()
#8 C:\Users\70980640253\Documents\GitHub\phpcodeigniter\jardel\system\CodeIgniter.php(482): CodeIgniter\CodeIgniter->runController(Object(App\Controllers\PessoaController))
#9 C:\Users\70980640253\Documents\GitHub\phpcodeigniter\jardel\system\CodeIgniter.php(351): CodeIgniter\CodeIgniter->handleRequest(NULL, Object(Config\Cache), false)
#10 C:\Users\70980640253\Documents\GitHub\phpcodeigniter\jardel\public\index.php(67): CodeIgniter\CodeIgniter->run()
#11 {main}

Next CodeIgniter\Database\Exceptions\DatabaseException: Access denied for user '****'@'localhost' (using password: YES) in C:\Users\70980640253\Documents\GitHub\phpcodeigniter\jardel\system\Database\MySQLi\Connection.php:215
Stack trace:
#0 C:\Users\70980640253\Documents\GitHub\phpcodeigniter\jardel\system\Database\BaseConnection.php(382): CodeIgniter\Database\MySQLi\Connection->connect(false)
#1 C:\Users\70980640253\Documents\GitHub\phpcodeigniter\jardel\system\Database\BaseConnection.php(561): CodeIgniter\Database\BaseConnection->initialize()
#2 C:\Users\70980640253\Documents\GitHub\phpcodeigniter\jardel\system\Database\BaseBuilder.php(1585): CodeIgniter\Database\BaseConnection->query('SELECT *\nFROM `...', Array, false)
#3 C:\Users\70980640253\Documents\GitHub\phpcodeigniter\jardel\system\Model.php(223): CodeIgniter\Database\BaseBuilder->get()
#4 C:\Users\70980640253\Documents\GitHub\phpcodeigniter\jardel\system\BaseModel.php(585): CodeIgniter\Model->doFindAll(0, 0)
#5 C:\Users\70980640253\Documents\GitHub\phpcodeigniter\jardel\app\Controllers\PessoaController.php(12): CodeIgniter\BaseModel->findAll()
#6 C:\Users\70980640253\Documents\GitHub\phpcodeigniter\jardel\system\CodeIgniter.php(927): App\Controllers\PessoaController->index()
#7 C:\Users\70980640253\Documents\GitHub\phpcodeigniter\jardel\system\CodeIgniter.php(482): CodeIgniter\CodeIgniter->runController(Object(App\Controllers\PessoaController))
#8 C:\Users\70980640253\Documents\GitHub\phpcodeigniter\jardel\system\CodeIgniter.php(351): CodeIgniter\CodeIgniter->handleRequest(NULL, Object(Config\Cache), false)
#9 C:\Users\70980640253\Documents\GitHub\phpcodeigniter\jardel\public\index.php(67): CodeIgniter\CodeIgniter->run()
#10 {main}
CRITICAL - 2022-12-01 10:39:03 --> Unable to connect to the database.
Main connection [MySQLi]: Access denied for user '****'@'localhost' (using password: YES)
in SYSTEMPATH\Database\BaseConnection.php on line 418.
 1 SYSTEMPATH\Database\BaseConnection.php(561): CodeIgniter\Database\BaseConnection->initialize()
 2 SYSTEMPATH\Database\BaseBuilder.php(1585): CodeIgniter\Database\BaseConnection->query('SELECT *
FROM `pessoa`
WHERE `pessoa`.`deleted_at` IS NULL', [], false)
 3 SYSTEMPATH\Model.php(223): CodeIgniter\Database\BaseBuilder->get()
 4 SYSTEMPATH\BaseModel.php(585): CodeIgniter\Model->doFindAll(0, 0)
 5 APPPATH\Controllers\PessoaController.php(12): CodeIgniter\BaseModel->findAll()
 6 SYSTEMPATH\CodeIgniter.php(927): App\Controllers\PessoaController->index()
 7 SYSTEMPATH\CodeIgniter.php(482): CodeIgniter\CodeIgniter->runController(Object(App\Controllers\PessoaController))
 8 SYSTEMPATH\CodeIgniter.php(351): CodeIgniter\CodeIgniter->handleRequest(null, Object(Config\Cache), false)
 9 FCPATH\index.php(67): CodeIgniter\CodeIgniter->run()
